[duruthemes.com/demo/html/archsan/dark2/index.html]
[duruthemes.com/demo/html/archsan/dark2/images/favicon.png]
[backblue.gif]
[fade.gif]
[index.html]
[duruthemes.com/demo/html/archsan/dark2/css/bootstrap.min.css]
[duruthemes.com/demo/html/archsan/dark2/css/animate.css]
[duruthemes.com/demo/html/archsan/dark2/css/themify-icons.css]
[duruthemes.com/demo/html/archsan/dark2/css/owl.carousel.min.css]
[duruthemes.com/demo/html/archsan/dark2/css/owl.theme.default.min.css]
[duruthemes.com/demo/html/archsan/dark2/modules/magnific-popup/magnific-popup.css]
[duruthemes.com/demo/html/archsan/dark2/modules/YouTubePopUp/YouTubePopUp.css]
[duruthemes.com/demo/html/archsan/dark2/css/style.css]
[duruthemes.com/demo/html/archsan/dark2/images/logo.png]
[duruthemes.com/demo/html/archsan/dark2/index2.html]
[duruthemes.com/demo/html/archsan/dark2/index3.html]
[duruthemes.com/demo/html/archsan/dark2/index4.html]
[duruthemes.com/demo/html/archsan/dark2/index5.html]
[duruthemes.com/demo/html/archsan/dark2/index6.html]
[duruthemes.com/demo/html/archsan/dark2/index7.html]
[duruthemes.com/demo/html/archsan/dark2/index8.html]
[duruthemes.com/demo/html/archsan/dark2/index9.html]
[duruthemes.com/demo/html/archsan/dark2/index10.html]
[duruthemes.com/demo/html/archsan/dark2/index11.html]
[duruthemes.com/demo/html/archsan/dark2/about.html]
[duruthemes.com/demo/html/archsan/dark2/services.html]
[duruthemes.com/demo/html/archsan/dark2/projects.html]
[duruthemes.com/demo/html/archsan/dark2/projects2.html]
[duruthemes.com/demo/html/archsan/dark2/projects3.html]
[duruthemes.com/demo/html/archsan/dark2/project-page.html]
[duruthemes.com/demo/html/archsan/dark2/gallery.html]
[duruthemes.com/demo/html/archsan/dark2/faq.html]
[duruthemes.com/demo/html/archsan/dark2/process.html]
[duruthemes.com/demo/html/archsan/dark2/services-page.html]
[duruthemes.com/demo/html/archsan/dark2/404.html]
[duruthemes.com/demo/html/archsan/dark2/blog.html]
[duruthemes.com/demo/html/archsan/dark2/blog2.html]
[duruthemes.com/demo/html/archsan/dark2/post.html]
[duruthemes.com/demo/html/archsan/dark2/contact.html]
[duruthemes.com/demo/html/archsan/dark2/images/slider/1.jpg]
[duruthemes.com/demo/html/archsan/dark2/images/slider/2.jpg]
[duruthemes.com/demo/html/archsan/dark2/images/slider/3.jpg]
[duruthemes.com/demo/html/archsan/dark2/images/icon-1.png]
[duruthemes.com/demo/html/archsan/dark2/images/icon-2.png]
[duruthemes.com/demo/html/archsan/dark2/images/icon-3.png]
[duruthemes.com/demo/html/archsan/dark2/images/projects/06.jpg]
[duruthemes.com/demo/html/archsan/dark2/images/projects/02.jpg]
[duruthemes.com/demo/html/archsan/dark2/images/projects/03.jpg]
[duruthemes.com/demo/html/archsan/dark2/images/projects/04.jpg]
[duruthemes.com/demo/html/archsan/dark2/images/projects/01.jpg]
[duruthemes.com/demo/html/archsan/dark2/images/projects/05.jpg]
[duruthemes.com/demo/html/archsan/dark2/images/quot.png]
[duruthemes.com/demo/html/archsan/dark2/images/team/1.jpg]
[duruthemes.com/demo/html/archsan/dark2/images/team/2.jpg]
[duruthemes.com/demo/html/archsan/dark2/images/team/4.jpg]
[duruthemes.com/demo/html/archsan/dark2/images/blog/1.jpg]
[duruthemes.com/demo/html/archsan/dark2/images/blog/2.jpg]
[duruthemes.com/demo/html/archsan/dark2/images/blog/3.jpg]
[duruthemes.com/demo/html/archsan/dark2/js/plugins/jquery-3.6.1.min.js]
[duruthemes.com/demo/html/archsan/dark2/js/plugins/bootstrap.min.js]
[duruthemes.com/demo/html/archsan/dark2/js/plugins/modernizr-2.6.2.min.js]
[duruthemes.com/demo/html/archsan/dark2/js/plugins/jquery.waypoints.min.js]
[duruthemes.com/demo/html/archsan/dark2/js/plugins/imagesloaded.pkgd.min.js]
[duruthemes.com/demo/html/archsan/dark2/js/plugins/jquery.isotope.v3.0.2.js]
[duruthemes.com/demo/html/archsan/dark2/js/plugins/owl.carousel.min.js]
[duruthemes.com/demo/html/archsan/dark2/js/plugins/scrollIt.min.js]
[duruthemes.com/demo/html/archsan/dark2/modules/magnific-popup/jquery.magnific-popup.js]
[duruthemes.com/demo/html/archsan/dark2/modules/masonry/masonry.pkgd.min.js]
[duruthemes.com/demo/html/archsan/dark2/modules/YouTubePopUp/YouTubePopUp.js]
[duruthemes.com/demo/html/archsan/dark2/index.html]
[duruthemes.com/demo/html/archsan/dark2/css/bootstrap.min.css]
[duruthemes.com/demo/html/archsan/dark2/js/script.js]
[duruthemes.com/demo/html/archsan/dark2/css/animate.css]
[duruthemes.com/demo/html/archsan/dark2/fonts/themify.eot]
[duruthemes.com/demo/html/archsan/dark2/fonts/themifyd41d.eot]
[duruthemes.com/demo/html/archsan/dark2/fonts/themify.woff]
[duruthemes.com/demo/html/archsan/dark2/fonts/themify.ttf]
[duruthemes.com/demo/html/archsan/dark2/css/themify-icons.css]
[duruthemes.com/demo/html/archsan/dark2/fonts/themify.svg]
[duruthemes.com/demo/html/archsan/dark2/css/owl.carousel.min.css]
[duruthemes.com/demo/html/archsan/dark2/css/owl.theme.default.min.css]
[duruthemes.com/demo/html/archsan/dark2/modules/magnific-popup/magnific-popup.css]
[duruthemes.com/demo/html/archsan/dark2/modules/YouTubePopUp/close.png]
[duruthemes.com/demo/html/archsan/dark2/modules/YouTubePopUp/YouTubePopUp.css]
[duruthemes.com/demo/html/archsan/dark2/images/slider/4.jpg]
[duruthemes.com/demo/html/archsan/dark2/images/slider/5.jpg]
[duruthemes.com/demo/html/archsan/dark2/images/slider/6.jpg]
[duruthemes.com/demo/html/archsan/dark2/css/style.css]
[duruthemes.com/demo/html/archsan/dark2/images/projects/07.jpg]
[duruthemes.com/demo/html/archsan/dark2/images/projects/12.jpg]
[duruthemes.com/demo/html/archsan/dark2/images/projects/10.jpg]
[duruthemes.com/demo/html/archsan/dark2/images/projects/11.jpg]
[duruthemes.com/demo/html/archsan/dark2/images/projects/08.jpg]
[duruthemes.com/demo/html/archsan/dark2/images/projects/09.jpg]
[duruthemes.com/demo/html/archsan/dark2/index2.html]
[duruthemes.com/demo/html/archsan/dark2/index3.html]
[duruthemes.com/demo/html/archsan/dark2/images/about.jpg]
[duruthemes.com/demo/html/archsan/dark2/images/signature-light.svg]
[duruthemes.com/demo/html/archsan/dark2/images/team/10.jpg]
[duruthemes.com/demo/html/archsan/dark2/images/team/7.jpg]
[duruthemes.com/demo/html/archsan/dark2/images/team/11.jpg]
[duruthemes.com/demo/html/archsan/dark2/index4.html]
[duruthemes.com/demo/html/archsan/dark2/index5.html]
[duruthemes.com/demo/html/archsan/dark2/index6.html]
[duruthemes.com/demo/html/archsan/dark2/images/about2.jpg]
[duruthemes.com/demo/html/archsan/dark2/index7.html]
[duruthemes.com/demo/html/archsan/dark2/index8.html]
[duruthemes.com/demo/html/archsan/dark2/index9.html]
[duruthemes.com/demo/html/archsan/dark2/index10.html]
[duruthemes.com/demo/html/archsan/dark2/index11.html]
[duruthemes.com/demo/html/archsan/dark2/images/team/3.jpg]
[duruthemes.com/demo/html/archsan/dark2/images/team/9.jpg]
[duruthemes.com/demo/html/archsan/dark2/images/team/12.jpg]
[duruthemes.com/demo/html/archsan/dark2/about.html]
[duruthemes.com/demo/html/archsan/dark2/services.html]
[duruthemes.com/demo/html/archsan/dark2/projects.html]
[duruthemes.com/demo/html/archsan/dark2/projects2.html]
[duruthemes.com/demo/html/archsan/dark2/projects3.html]
[duruthemes.com/demo/html/archsan/dark2/images/slider/7.jpg]
[duruthemes.com/demo/html/archsan/dark2/images/slider/8.jpg]
[duruthemes.com/demo/html/archsan/dark2/project-page.html]
[duruthemes.com/demo/html/archsan/dark2/images/slider/9.jpg]
[duruthemes.com/demo/html/archsan/dark2/images/slider/10.jpg]
[duruthemes.com/demo/html/archsan/dark2/gallery.html]
[duruthemes.com/demo/html/archsan/dark2/faq.html]
[duruthemes.com/demo/html/archsan/dark2/process.html]
[duruthemes.com/demo/html/archsan/dark2/services-page.html]
[duruthemes.com/demo/html/archsan/dark2/404.html]
[duruthemes.com/demo/html/archsan/dark2/blog.html]
[duruthemes.com/demo/html/archsan/dark2/images/blog/7.jpg]
[duruthemes.com/demo/html/archsan/dark2/images/blog/10.jpg]
[duruthemes.com/demo/html/archsan/dark2/images/blog/9.jpg]
[duruthemes.com/demo/html/archsan/dark2/blog2.html]
[duruthemes.com/demo/html/archsan/dark2/images/team/5.jpg]
[duruthemes.com/demo/html/archsan/dark2/post.html]
[duruthemes.com/demo/html/archsan/dark2/contact.html]
[duruthemes.com/demo/html/archsan/dark2/fonts/themify.svg]
[www.duruthemes.com/idesign/Roboto-v3/css/plugins/owl.video.play.html]
[duruthemes.com/demo/html/archsan/dark2/images/signature-light.svg]
